Build started 11/11/2014 12:44:23 AM.
     1>Project "C:\Users\Robert\Desktop\project1_turnin\TrainFiles\Train.vcxproj" on node 2 (Build target(s)).
     1>ClCompile:
         C:\Program Files (x86)\Microsoft Visual Studio 12.0\VC\bin\CL.exe /c /I"C:\Program Files (x86)\FLTK 1.3.2\include" /I.. /ZI /nologo /W3 /WX- /Od /Oy- /D WIN32 /D _DEBUG /D _CONSOLE /D _CRT_SECURE_NO_WARNINGS /D _UNICODE /D UNICODE /Gm /EHsc /RTC1 /MDd /GS /fp:precise /Zc:wchar_t /Zc:forScope /Fo"Debug\\" /Fd"Debug\vc120.pdb" /Gd /TP /analyze- /errorReport:prompt CallBacks.cpp ControlPoint.cpp Train.cpp TrainView.cpp TrainWindow.cpp World.cpp ..\Utilities\3DUtils.cpp ..\Utilities\ArcBallCam.cpp ..\Utilities\Pnt3f.cpp
         Pnt3f.cpp
         ArcBallCam.cpp
         3DUtils.cpp
     1>c:\program files (x86)\microsoft visual studio 12.0\vc\include\xtgmath.h(190): warning C4273: '_hypot' : inconsistent dll linkage
                 c:\program files (x86)\microsoft visual studio 12.0\vc\include\math.h(538) : see previous definition of '_hypot'
         World.cpp
         TrainWindow.cpp
     1>c:\users\robert\desktop\project1_turnin\trainfiles\trainview.h(36): warning C4067: unexpected tokens following preprocessor directive - expected a newline
     1>c:\users\robert\desktop\project1_turnin\trainfiles\trainwindow.cpp(86): warning C4244: 'argument' : conversion from 'double' to 'int', possible loss of data
     1>c:\users\robert\desktop\project1_turnin\trainfiles\trainwindow.cpp(91): warning C4244: 'argument' : conversion from 'double' to 'int', possible loss of data
     1>c:\users\robert\desktop\project1_turnin\trainfiles\trainwindow.cpp(121): warning C4244: 'argument' : conversion from 'double' to 'int', possible loss of data
     1>c:\users\robert\desktop\project1_turnin\trainfiles\trainwindow.cpp(123): warning C4244: 'argument' : conversion from 'double' to 'int', possible loss of data
     1>c:\users\robert\desktop\project1_turnin\trainfiles\trainwindow.cpp(235): warning C4244: 'initializing' : conversion from 'float' to 'int', possible loss of data
     1>c:\users\robert\desktop\project1_turnin\trainfiles\trainwindow.cpp(236): warning C4018: '<' : signed/unsigned mismatch
     1>c:\users\robert\desktop\project1_turnin\trainfiles\trainwindow.cpp(246): warning C4244: '=' : conversion from 'float' to 'int', possible loss of data
         TrainView.cpp
     1>c:\users\robert\desktop\project1_turnin\trainfiles\trainview.h(36): warning C4067: unexpected tokens following preprocessor directive - expected a newline
     1>c:\users\robert\desktop\project1_turnin\trainfiles\trainview.cpp(379): warning C4244: 'argument' : conversion from 'double' to 'GLfloat', possible loss of data
     1>c:\users\robert\desktop\project1_turnin\trainfiles\trainview.cpp(1280): warning C4018: '<' : signed/unsigned mismatch
     1>c:\users\robert\desktop\project1_turnin\trainfiles\trainview.cpp(1308): warning C4244: 'argument' : conversion from 'double' to 'GLfloat', possible loss of data
     1>c:\users\robert\desktop\project1_turnin\trainfiles\trainview.cpp(1312): warning C4244: 'argument' : conversion from 'double' to 'GLfloat', possible loss of data
     1>c:\users\robert\desktop\project1_turnin\trainfiles\trainview.cpp(1316): warning C4244: 'argument' : conversion from 'double' to 'GLfloat', possible loss of data
     1>c:\users\robert\desktop\project1_turnin\trainfiles\trainview.cpp(1320): warning C4244: 'argument' : conversion from 'double' to 'GLfloat', possible loss of data
     1>c:\users\robert\desktop\project1_turnin\trainfiles\trainview.cpp(1325): warning C4244: 'argument' : conversion from 'double' to 'GLfloat', possible loss of data
     1>c:\users\robert\desktop\project1_turnin\trainfiles\trainview.cpp(1329): warning C4244: 'argument' : conversion from 'double' to 'GLfloat', possible loss of data
     1>c:\users\robert\desktop\project1_turnin\trainfiles\trainview.cpp(1333): warning C4244: 'argument' : conversion from 'double' to 'GLfloat', possible loss of data
     1>c:\users\robert\desktop\project1_turnin\trainfiles\trainview.cpp(1337): warning C4244: 'argument' : conversion from 'double' to 'GLfloat', possible loss of data
     1>c:\users\robert\desktop\project1_turnin\trainfiles\trainview.cpp(1349): warning C4244: 'argument' : conversion from 'double' to 'GLfloat', possible loss of data
     1>c:\users\robert\desktop\project1_turnin\trainfiles\trainview.cpp(1354): warning C4244: 'argument' : conversion from 'double' to 'GLfloat', possible loss of data
     1>c:\users\robert\desktop\project1_turnin\trainfiles\trainview.cpp(1360): warning C4244: 'argument' : conversion from 'double' to 'GLfloat', possible loss of data
     1>c:\users\robert\desktop\project1_turnin\trainfiles\trainview.cpp(1365): warning C4244: 'argument' : conversion from 'double' to 'GLfloat', possible loss of data
     1>c:\users\robert\desktop\project1_turnin\trainfiles\trainview.cpp(1383): warning C4018: '<' : signed/unsigned mismatch
     1>c:\users\robert\desktop\project1_turnin\trainfiles\trainview.cpp(1395): warning C4244: 'initializing' : conversion from 'double' to 'float', possible loss of data
     1>c:\users\robert\desktop\project1_turnin\trainfiles\trainview.cpp(1426): warning C4018: '<' : signed/unsigned mismatch
     1>c:\users\robert\desktop\project1_turnin\trainfiles\trainview.cpp(1452): warning C4244: 'argument' : conversion from 'double' to 'GLfloat', possible loss of data
     1>c:\users\robert\desktop\project1_turnin\trainfiles\trainview.cpp(1453): warning C4244: 'argument' : conversion from 'double' to 'GLfloat', possible loss of data
     1>c:\users\robert\desktop\project1_turnin\trainfiles\trainview.cpp(1456): warning C4244: 'argument' : conversion from 'double' to 'GLfloat', possible loss of data
     1>c:\users\robert\desktop\project1_turnin\trainfiles\trainview.cpp(1457): warning C4244: 'argument' : conversion from 'double' to 'GLfloat', possible loss of data
     1>c:\users\robert\desktop\project1_turnin\trainfiles\trainview.cpp(1461): warning C4244: 'argument' : conversion from 'double' to 'GLfloat', possible loss of data
     1>c:\users\robert\desktop\project1_turnin\trainfiles\trainview.cpp(1462): warning C4244: 'argument' : conversion from 'double' to 'GLfloat', possible loss of data
     1>c:\users\robert\desktop\project1_turnin\trainfiles\trainview.cpp(1466): warning C4244: 'argument' : conversion from 'double' to 'GLfloat', possible loss of data
     1>c:\users\robert\desktop\project1_turnin\trainfiles\trainview.cpp(1467): warning C4244: 'argument' : conversion from 'double' to 'GLfloat', possible loss of data
     1>c:\users\robert\desktop\project1_turnin\trainfiles\trainview.cpp(1470): warning C4244: 'argument' : conversion from 'double' to 'GLfloat', possible loss of data
     1>c:\users\robert\desktop\project1_turnin\trainfiles\trainview.cpp(1471): warning C4244: 'argument' : conversion from 'double' to 'GLfloat', possible loss of data
     1>c:\users\robert\desktop\project1_turnin\trainfiles\trainview.cpp(1475): warning C4244: 'argument' : conversion from 'double' to 'GLfloat', possible loss of data
     1>c:\users\robert\desktop\project1_turnin\trainfiles\trainview.cpp(1476): warning C4244: 'argument' : conversion from 'double' to 'GLfloat', possible loss of data
     1>c:\users\robert\desktop\project1_turnin\trainfiles\trainview.cpp(1485): warning C4244: 'argument' : conversion from 'double' to 'GLfloat', possible loss of data
     1>c:\users\robert\desktop\project1_turnin\trainfiles\trainview.cpp(1489): warning C4244: 'argument' : conversion from 'double' to 'GLfloat', possible loss of data
     1>c:\users\robert\desktop\project1_turnin\trainfiles\trainview.cpp(1494): warning C4244: 'argument' : conversion from 'double' to 'GLfloat', possible loss of data
     1>c:\users\robert\desktop\project1_turnin\trainfiles\trainview.cpp(1498): warning C4244: 'argument' : conversion from 'double' to 'GLfloat', possible loss of data
     1>c:\users\robert\desktop\project1_turnin\trainfiles\trainview.cpp(1502): warning C4244: 'argument' : conversion from 'double' to 'GLfloat', possible loss of data
     1>c:\users\robert\desktop\project1_turnin\trainfiles\trainview.cpp(1507): warning C4244: 'argument' : conversion from 'double' to 'GLfloat', possible loss of data
     1>c:\users\robert\desktop\project1_turnin\trainfiles\trainview.cpp(1518): warning C4018: '<' : signed/unsigned mismatch
     1>c:\users\robert\desktop\project1_turnin\trainfiles\trainview.cpp(1557): warning C4018: '<' : signed/unsigned mismatch
     1>c:\users\robert\desktop\project1_turnin\trainfiles\trainview.cpp(1583): warning C4244: 'argument' : conversion from 'double' to 'GLfloat', possible loss of data
     1>c:\users\robert\desktop\project1_turnin\trainfiles\trainview.cpp(1584): warning C4244: 'argument' : conversion from 'double' to 'GLfloat', possible loss of data
     1>c:\users\robert\desktop\project1_turnin\trainfiles\trainview.cpp(1587): warning C4244: 'argument' : conversion from 'double' to 'GLfloat', possible loss of data
     1>c:\users\robert\desktop\project1_turnin\trainfiles\trainview.cpp(1588): warning C4244: 'argument' : conversion from 'double' to 'GLfloat', possible loss of data
     1>c:\users\robert\desktop\project1_turnin\trainfiles\trainview.cpp(1592): warning C4244: 'argument' : conversion from 'double' to 'GLfloat', possible loss of data
     1>c:\users\robert\desktop\project1_turnin\trainfiles\trainview.cpp(1593): warning C4244: 'argument' : conversion from 'double' to 'GLfloat', possible loss of data
     1>c:\users\robert\desktop\project1_turnin\trainfiles\trainview.cpp(1597): warning C4244: 'argument' : conversion from 'double' to 'GLfloat', possible loss of data
     1>c:\users\robert\desktop\project1_turnin\trainfiles\trainview.cpp(1598): warning C4244: 'argument' : conversion from 'double' to 'GLfloat', possible loss of data
     1>c:\users\robert\desktop\project1_turnin\trainfiles\trainview.cpp(1601): warning C4244: 'argument' : conversion from 'double' to 'GLfloat', possible loss of data
     1>c:\users\robert\desktop\project1_turnin\trainfiles\trainview.cpp(1602): warning C4244: 'argument' : conversion from 'double' to 'GLfloat', possible loss of data
     1>c:\users\robert\desktop\project1_turnin\trainfiles\trainview.cpp(1606): warning C4244: 'argument' : conversion from 'double' to 'GLfloat', possible loss of data
     1>c:\users\robert\desktop\project1_turnin\trainfiles\trainview.cpp(1607): warning C4244: 'argument' : conversion from 'double' to 'GLfloat', possible loss of data
     1>c:\users\robert\desktop\project1_turnin\trainfiles\trainview.cpp(1616): warning C4244: 'argument' : conversion from 'double' to 'GLfloat', possible loss of data
     1>c:\users\robert\desktop\project1_turnin\trainfiles\trainview.cpp(1620): warning C4244: 'argument' : conversion from 'double' to 'GLfloat', possible loss of data
     1>c:\users\robert\desktop\project1_turnin\trainfiles\trainview.cpp(1625): warning C4244: 'argument' : conversion from 'double' to 'GLfloat', possible loss of data
     1>c:\users\robert\desktop\project1_turnin\trainfiles\trainview.cpp(1631): warning C4244: 'argument' : conversion from 'double' to 'GLfloat', possible loss of data
     1>c:\users\robert\desktop\project1_turnin\trainfiles\trainview.cpp(1635): warning C4244: 'argument' : conversion from 'double' to 'GLfloat', possible loss of data
     1>c:\users\robert\desktop\project1_turnin\trainfiles\trainview.cpp(1641): warning C4244: 'argument' : conversion from 'double' to 'GLfloat', possible loss of data
         Train.cpp
         ControlPoint.cpp
         CallBacks.cpp
     1>c:\users\robert\desktop\project1_turnin\trainfiles\trainview.h(36): warning C4067: unexpected tokens following preprocessor directive - expected a newline
         Generating Code...
       Link:
         C:\Program Files (x86)\Microsoft Visual Studio 12.0\VC\bin\link.exe /ERRORREPORT:PROMPT /OUT:"C:\Users\Robert\Desktop\project1_turnin\TrainFiles\Debug\Train.exe" /INCREMENTAL /NOLOGO /LIBPATH:"C:\Program Files (x86)\FLTK 1.3.2\lib" comctl32.lib wsock32.lib opengl32.lib glu32.lib fltkgld.lib fltkd.lib kernel32.lib user32.lib gdi32.lib winspool.lib comdlg32.lib advapi32.lib shell32.lib ole32.lib oleaut32.lib uuid.lib odbc32.lib odbccp32.lib /MANIFEST /MANIFESTUAC:"level='asInvoker' uiAccess='false'" /manifest:embed /DEBUG /PDB:"C:\Users\Robert\Desktop\project1_turnin\TrainFiles\Debug\Train.pdb" /SUBSYSTEM:CONSOLE /TLBID:1 /DYNAMICBASE:NO /IMPLIB:"C:\Users\Robert\Desktop\project1_turnin\TrainFiles\Debug\Train.lib" /MACHINE:X86 /SAFESEH Debug\CallBacks.obj
         Debug\ControlPoint.obj
         Debug\Train.obj
         Debug\TrainView.obj
         Debug\TrainWindow.obj
         Debug\World.obj
         Debug\3DUtils.obj
         Debug\ArcBallCam.obj
         Debug\Pnt3f.obj
     1>CallBacks.obj : warning LNK4075: ignoring '/EDITANDCONTINUE' due to '/SAFESEH' specification
     1>fltkgld.lib(Fl_Gl_Choice.obj) : warning LNK4204: 'C:\Users\Robert\Desktop\project1_turnin\TrainFiles\Debug\vc120.pdb' is missing debugging information for referencing module; linking object as if no debug info
     1>fltkgld.lib(Fl_Gl_Device_Plugin.obj) : warning LNK4204: 'C:\Users\Robert\Desktop\project1_turnin\TrainFiles\Debug\vc120.pdb' is missing debugging information for referencing module; linking object as if no debug info
     1>fltkgld.lib(Fl_Gl_Window.obj) : warning LNK4204: 'C:\Users\Robert\Desktop\project1_turnin\TrainFiles\Debug\vc120.pdb' is missing debugging information for referencing module; linking object as if no debug info
     1>fltkgld.lib(gl_draw.obj) : warning LNK4204: 'C:\Users\Robert\Desktop\project1_turnin\TrainFiles\Debug\vc120.pdb' is missing debugging information for referencing module; linking object as if no debug info
     1>fltkd.lib(case.obj) : warning LNK4204: 'C:\Users\Robert\Desktop\project1_turnin\TrainFiles\Debug\vc120.pdb' is missing debugging information for referencing module; linking object as if no debug info
     1>fltkd.lib(filename_absolute.obj) : warning LNK4204: 'C:\Users\Robert\Desktop\project1_turnin\TrainFiles\Debug\vc120.pdb' is missing debugging information for referencing module; linking object as if no debug info
     1>fltkd.lib(filename_expand.obj) : warning LNK4204: 'C:\Users\Robert\Desktop\project1_turnin\TrainFiles\Debug\vc120.pdb' is missing debugging information for referencing module; linking object as if no debug info
     1>fltkd.lib(filename_isdir.obj) : warning LNK4204: 'C:\Users\Robert\Desktop\project1_turnin\TrainFiles\Debug\vc120.pdb' is missing debugging information for referencing module; linking object as if no debug info
     1>fltkd.lib(filename_list.obj) : warning LNK4204: 'C:\Users\Robert\Desktop\project1_turnin\TrainFiles\Debug\vc120.pdb' is missing debugging information for referencing module; linking object as if no debug info
     1>fltkd.lib(filename_match.obj) : warning LNK4204: 'C:\Users\Robert\Desktop\project1_turnin\TrainFiles\Debug\vc120.pdb' is missing debugging information for referencing module; linking object as if no debug info
     1>fltkd.lib(Fl.obj) : warning LNK4204: 'C:\Users\Robert\Desktop\project1_turnin\TrainFiles\Debug\vc120.pdb' is missing debugging information for referencing module; linking object as if no debug info
     1>fltkd.lib(Fl_abort.obj) : warning LNK4204: 'C:\Users\Robert\Desktop\project1_turnin\TrainFiles\Debug\vc120.pdb' is missing debugging information for referencing module; linking object as if no debug info
     1>fltkd.lib(Fl_add_idle.obj) : warning LNK4204: 'C:\Users\Robert\Desktop\project1_turnin\TrainFiles\Debug\vc120.pdb' is missing debugging information for referencing module; linking object as if no debug info
     1>fltkd.lib(fl_arc.obj) : warning LNK4204: 'C:\Users\Robert\Desktop\project1_turnin\TrainFiles\Debug\vc120.pdb' is missing debugging information for referencing module; linking object as if no debug info
     1>fltkd.lib(fl_arci.obj) : warning LNK4204: 'C:\Users\Robert\Desktop\project1_turnin\TrainFiles\Debug\vc120.pdb' is missing debugging information for referencing module; linking object as if no debug info
     1>fltkd.lib(fl_ask.obj) : warning LNK4204: 'C:\Users\Robert\Desktop\project1_turnin\TrainFiles\Debug\vc120.pdb' is missing debugging information for referencing module; linking object as if no debug info
     1>fltkd.lib(Fl_Bitmap.obj) : warning LNK4204: 'C:\Users\Robert\Desktop\project1_turnin\TrainFiles\Debug\vc120.pdb' is missing debugging information for referencing module; linking object as if no debug info
     1>fltkd.lib(Fl_Box.obj) : warning LNK4204: 'C:\Users\Robert\Desktop\project1_turnin\TrainFiles\Debug\vc120.pdb' is missing debugging information for referencing module; linking object as if no debug info
     1>fltkd.lib(fl_boxtype.obj) : warning LNK4204: 'C:\Users\Robert\Desktop\project1_turnin\TrainFiles\Debug\vc120.pdb' is missing debugging information for referencing module; linking object as if no debug info
     1>fltkd.lib(Fl_Browser.obj) : warning LNK4204: 'C:\Users\Robert\Desktop\project1_turnin\TrainFiles\Debug\vc120.pdb' is missing debugging information for referencing module; linking object as if no debug info
     1>fltkd.lib(Fl_Browser_.obj) : warning LNK4204: 'C:\Users\Robert\Desktop\project1_turnin\TrainFiles\Debug\vc120.pdb' is missing debugging information for referencing module; linking object as if no debug info
     1>fltkd.lib(Fl_Button.obj) : warning LNK4204: 'C:\Users\Robert\Desktop\project1_turnin\TrainFiles\Debug\vc120.pdb' is missing debugging information for referencing module; linking object as if no debug info
     1>fltkd.lib(Fl_Check_Button.obj) : warning LNK4204: 'C:\Users\Robert\Desktop\project1_turnin\TrainFiles\Debug\vc120.pdb' is missing debugging information for referencing module; linking object as if no debug info
     1>fltkd.lib(Fl_Choice.obj) : warning LNK4204: 'C:\Users\Robert\Desktop\project1_turnin\TrainFiles\Debug\vc120.pdb' is missing debugging information for referencing module; linking object as if no debug info
     1>fltkd.lib(fl_color.obj) : warning LNK4204: 'C:\Users\Robert\Desktop\project1_turnin\TrainFiles\Debug\vc120.pdb' is missing debugging information for referencing module; linking object as if no debug info
     1>fltkd.lib(Fl_compose.obj) : warning LNK4204: 'C:\Users\Robert\Desktop\project1_turnin\TrainFiles\Debug\vc120.pdb' is missing debugging information for referencing module; linking object as if no debug info
     1>fltkd.lib(fl_cursor.obj) : warning LNK4204: 'C:\Users\Robert\Desktop\project1_turnin\TrainFiles\Debug\vc120.pdb' is missing debugging information for referencing module; linking object as if no debug info
     1>fltkd.lib(fl_curve.obj) : warning LNK4204: 'C:\Users\Robert\Desktop\project1_turnin\TrainFiles\Debug\vc120.pdb' is missing debugging information for referencing module; linking object as if no debug info
     1>fltkd.lib(Fl_Device.obj) : warning LNK4204: 'C:\Users\Robert\Desktop\project1_turnin\TrainFiles\Debug\vc120.pdb' is missing debugging information for referencing module; linking object as if no debug info
     1>fltkd.lib(fl_dnd.obj) : warning LNK4204: 'C:\Users\Robert\Desktop\project1_turnin\TrainFiles\Debug\vc120.pdb' is missing debugging information for referencing module; linking object as if no debug info
     1>fltkd.lib(Fl_Double_Window.obj) : warning LNK4204: 'C:\Users\Robert\Desktop\project1_turnin\TrainFiles\Debug\vc120.pdb' is missing debugging information for referencing module; linking object as if no debug info
     1>fltkd.lib(fl_draw.obj) : warning LNK4204: 'C:\Users\Robert\Desktop\project1_turnin\TrainFiles\Debug\vc120.pdb' is missing debugging information for referencing module; linking object as if no debug info
     1>fltkd.lib(fl_draw_image.obj) : warning LNK4204: 'C:\Users\Robert\Desktop\project1_turnin\TrainFiles\Debug\vc120.pdb' is missing debugging information for referencing module; linking object as if no debug info
     1>fltkd.lib(fl_draw_pixmap.obj) : warning LNK4204: 'C:\Users\Robert\Desktop\project1_turnin\TrainFiles\Debug\vc120.pdb' is missing debugging information for referencing module; linking object as if no debug info
     1>fltkd.lib(Fl_File_Browser.obj) : warning LNK4204: 'C:\Users\Robert\Desktop\project1_turnin\TrainFiles\Debug\vc120.pdb' is missing debugging information for referencing module; linking object as if no debug info
     1>fltkd.lib(Fl_File_Chooser.obj) : warning LNK4204: 'C:\Users\Robert\Desktop\project1_turnin\TrainFiles\Debug\vc120.pdb' is missing debugging information for referencing module; linking object as if no debug info
     1>fltkd.lib(Fl_File_Chooser2.obj) : warning LNK4204: 'C:\Users\Robert\Desktop\project1_turnin\TrainFiles\Debug\vc120.pdb' is missing debugging information for referencing module; linking object as if no debug info
     1>fltkd.lib(fl_file_dir.obj) : warning LNK4204: 'C:\Users\Robert\Desktop\project1_turnin\TrainFiles\Debug\vc120.pdb' is missing debugging information for referencing module; linking object as if no debug info
     1>fltkd.lib(Fl_File_Icon.obj) : warning LNK4204: 'C:\Users\Robert\Desktop\project1_turnin\TrainFiles\Debug\vc120.pdb' is missing debugging information for referencing module; linking object as if no debug info
     1>fltkd.lib(Fl_File_Input.obj) : warning LNK4204: 'C:\Users\Robert\Desktop\project1_turnin\TrainFiles\Debug\vc120.pdb' is missing debugging information for referencing module; linking object as if no debug info
     1>fltkd.lib(fl_font.obj) : warning LNK4204: 'C:\Users\Robert\Desktop\project1_turnin\TrainFiles\Debug\vc120.pdb' is missing debugging information for referencing module; linking object as if no debug info
     1>fltkd.lib(Fl_get_system_colors.obj) : warning LNK4204: 'C:\Users\Robert\Desktop\project1_turnin\TrainFiles\Debug\vc120.pdb' is missing debugging information for referencing module; linking object as if no debug info
     1>fltkd.lib(Fl_grab.obj) : warning LNK4204: 'C:\Users\Robert\Desktop\project1_turnin\TrainFiles\Debug\vc120.pdb' is missing debugging information for referencing module; linking object as if no debug info
     1>fltkd.lib(Fl_Group.obj) : warning LNK4204: 'C:\Users\Robert\Desktop\project1_turnin\TrainFiles\Debug\vc120.pdb' is missing debugging information for referencing module; linking object as if no debug info
     1>fltkd.lib(fl_gtk.obj) : warning LNK4204: 'C:\Users\Robert\Desktop\project1_turnin\TrainFiles\Debug\vc120.pdb' is missing debugging information for referencing module; linking object as if no debug info
     1>fltkd.lib(Fl_Image.obj) : warning LNK4204: 'C:\Users\Robert\Desktop\project1_turnin\TrainFiles\Debug\vc120.pdb' is missing debugging information for referencing module; linking object as if no debug info
     1>fltkd.lib(Fl_Input.obj) : warning LNK4204: 'C:\Users\Robert\Desktop\project1_turnin\TrainFiles\Debug\vc120.pdb' is missing debugging information for referencing module; linking object as if no debug info
     1>fltkd.lib(Fl_Input_.obj) : warning LNK4204: 'C:\Users\Robert\Desktop\project1_turnin\TrainFiles\Debug\vc120.pdb' is missing debugging information for referencing module; linking object as if no debug info
     1>fltkd.lib(fl_labeltype.obj) : warning LNK4204: 'C:\Users\Robert\Desktop\project1_turnin\TrainFiles\Debug\vc120.pdb' is missing debugging information for referencing module; linking object as if no debug info
     1>fltkd.lib(Fl_Light_Button.obj) : warning LNK4204: 'C:\Users\Robert\Desktop\project1_turnin\TrainFiles\Debug\vc120.pdb' is missing debugging information for referencing module; linking object as if no debug info
     1>fltkd.lib(fl_line_style.obj) : warning LNK4204: 'C:\Users\Robert\Desktop\project1_turnin\TrainFiles\Debug\vc120.pdb' is missing debugging information for referencing module; linking object as if no debug info
     1>fltkd.lib(Fl_lock.obj) : warning LNK4204: 'C:\Users\Robert\Desktop\project1_turnin\TrainFiles\Debug\vc120.pdb' is missing debugging information for referencing module; linking object as if no debug info
     1>fltkd.lib(Fl_Menu.obj) : warning LNK4204: 'C:\Users\Robert\Desktop\project1_turnin\TrainFiles\Debug\vc120.pdb' is missing debugging information for referencing module; linking object as if no debug info
     1>fltkd.lib(Fl_Menu_.obj) : warning LNK4204: 'C:\Users\Robert\Desktop\project1_turnin\TrainFiles\Debug\vc120.pdb' is missing debugging information for referencing module; linking object as if no debug info
     1>fltkd.lib(Fl_Menu_add.obj) : warning LNK4204: 'C:\Users\Robert\Desktop\project1_turnin\TrainFiles\Debug\vc120.pdb' is missing debugging information for referencing module; linking object as if no debug info
     1>fltkd.lib(Fl_Menu_Button.obj) : warning LNK4204: 'C:\Users\Robert\Desktop\project1_turnin\TrainFiles\Debug\vc120.pdb' is missing debugging information for referencing module; linking object as if no debug info
     1>fltkd.lib(Fl_Menu_Window.obj) : warning LNK4204: 'C:\Users\Robert\Desktop\project1_turnin\TrainFiles\Debug\vc120.pdb' is missing debugging information for referencing module; linking object as if no debug info
     1>fltkd.lib(Fl_Overlay_Window.obj) : warning LNK4204: 'C:\Users\Robert\Desktop\project1_turnin\TrainFiles\Debug\vc120.pdb' is missing debugging information for referencing module; linking object as if no debug info
     1>fltkd.lib(Fl_Pixmap.obj) : warning LNK4204: 'C:\Users\Robert\Desktop\project1_turnin\TrainFiles\Debug\vc120.pdb' is missing debugging information for referencing module; linking object as if no debug info
     1>fltkd.lib(fl_plastic.obj) : warning LNK4204: 'C:\Users\Robert\Desktop\project1_turnin\TrainFiles\Debug\vc120.pdb' is missing debugging information for referencing module; linking object as if no debug info
     1>fltkd.lib(Fl_Preferences.obj) : warning LNK4204: 'C:\Users\Robert\Desktop\project1_turnin\TrainFiles\Debug\vc120.pdb' is missing debugging information for referencing module; linking object as if no debug info
     1>fltkd.lib(fl_read_image.obj) : warning LNK4204: 'C:\Users\Robert\Desktop\project1_turnin\TrainFiles\Debug\vc120.pdb' is missing debugging information for referencing module; linking object as if no debug info
     1>fltkd.lib(fl_rect.obj) : warning LNK4204: 'C:\Users\Robert\Desktop\project1_turnin\TrainFiles\Debug\vc120.pdb' is missing debugging information for referencing module; linking object as if no debug info
     1>fltkd.lib(Fl_Repeat_Button.obj) : warning LNK4204: 'C:\Users\Robert\Desktop\project1_turnin\TrainFiles\Debug\vc120.pdb' is missing debugging information for referencing module; linking object as if no debug info
     1>fltkd.lib(Fl_Return_Button.obj) : warning LNK4204: 'C:\Users\Robert\Desktop\project1_turnin\TrainFiles\Debug\vc120.pdb' is missing debugging information for referencing module; linking object as if no debug info
     1>fltkd.lib(fl_round_box.obj) : warning LNK4204: 'C:\Users\Robert\Desktop\project1_turnin\TrainFiles\Debug\vc120.pdb' is missing debugging information for referencing module; linking object as if no debug info
     1>fltkd.lib(Fl_Scrollbar.obj) : warning LNK4204: 'C:\Users\Robert\Desktop\project1_turnin\TrainFiles\Debug\vc120.pdb' is missing debugging information for referencing module; linking object as if no debug info
     1>fltkd.lib(Fl_Shared_Image.obj) : warning LNK4204: 'C:\Users\Robert\Desktop\project1_turnin\TrainFiles\Debug\vc120.pdb' is missing debugging information for referencing module; linking object as if no debug info
     1>fltkd.lib(fl_shortcut.obj) : warning LNK4204: 'C:\Users\Robert\Desktop\project1_turnin\TrainFiles\Debug\vc120.pdb' is missing debugging information for referencing module; linking object as if no debug info
     1>fltkd.lib(Fl_Single_Window.obj) : warning LNK4204: 'C:\Users\Robert\Desktop\project1_turnin\TrainFiles\Debug\vc120.pdb' is missing debugging information for referencing module; linking object as if no debug info
     1>fltkd.lib(Fl_Slider.obj) : warning LNK4204: 'C:\Users\Robert\Desktop\project1_turnin\TrainFiles\Debug\vc120.pdb' is missing debugging information for referencing module; linking object as if no debug info
     1>fltkd.lib(fl_symbols.obj) : warning LNK4204: 'C:\Users\Robert\Desktop\project1_turnin\TrainFiles\Debug\vc120.pdb' is missing debugging information for referencing module; linking object as if no debug info
     1>fltkd.lib(Fl_Tile.obj) : warning LNK4204: 'C:\Users\Robert\Desktop\project1_turnin\TrainFiles\Debug\vc120.pdb' is missing debugging information for referencing module; linking object as if no debug info
     1>fltkd.lib(Fl_Tiled_Image.obj) : warning LNK4204: 'C:\Users\Robert\Desktop\project1_turnin\TrainFiles\Debug\vc120.pdb' is missing debugging information for referencing module; linking object as if no debug info
     1>fltkd.lib(Fl_Tooltip.obj) : warning LNK4204: 'C:\Users\Robert\Desktop\project1_turnin\TrainFiles\Debug\vc120.pdb' is missing debugging information for referencing module; linking object as if no debug info
     1>fltkd.lib(fl_utf.obj) : warning LNK4204: 'C:\Users\Robert\Desktop\project1_turnin\TrainFiles\Debug\vc120.pdb' is missing debugging information for referencing module; linking object as if no debug info
     1>fltkd.lib(fl_utf8.obj) : warning LNK4204: 'C:\Users\Robert\Desktop\project1_turnin\TrainFiles\Debug\vc120.pdb' is missing debugging information for referencing module; linking object as if no debug info
     1>fltkd.lib(Fl_Valuator.obj) : warning LNK4204: 'C:\Users\Robert\Desktop\project1_turnin\TrainFiles\Debug\vc120.pdb' is missing debugging information for referencing module; linking object as if no debug info
     1>fltkd.lib(Fl_Value_Slider.obj) : warning LNK4204: 'C:\Users\Robert\Desktop\project1_turnin\TrainFiles\Debug\vc120.pdb' is missing debugging information for referencing module; linking object as if no debug info
     1>fltkd.lib(fl_vertex.obj) : warning LNK4204: 'C:\Users\Robert\Desktop\project1_turnin\TrainFiles\Debug\vc120.pdb' is missing debugging information for referencing module; linking object as if no debug info
     1>fltkd.lib(Fl_Widget.obj) : warning LNK4204: 'C:\Users\Robert\Desktop\project1_turnin\TrainFiles\Debug\vc120.pdb' is missing debugging information for referencing module; linking object as if no debug info
     1>fltkd.lib(Fl_Window.obj) : warning LNK4204: 'C:\Users\Robert\Desktop\project1_turnin\TrainFiles\Debug\vc120.pdb' is missing debugging information for referencing module; linking object as if no debug info
     1>fltkd.lib(Fl_Window_hotspot.obj) : warning LNK4204: 'C:\Users\Robert\Desktop\project1_turnin\TrainFiles\Debug\vc120.pdb' is missing debugging information for referencing module; linking object as if no debug info
     1>fltkd.lib(Fl_XBM_Image.obj) : warning LNK4204: 'C:\Users\Robert\Desktop\project1_turnin\TrainFiles\Debug\vc120.pdb' is missing debugging information for referencing module; linking object as if no debug info
     1>fltkd.lib(Fl_XPM_Image.obj) : warning LNK4204: 'C:\Users\Robert\Desktop\project1_turnin\TrainFiles\Debug\vc120.pdb' is missing debugging information for referencing module; linking object as if no debug info
     1>fltkd.lib(flstring.obj) : warning LNK4204: 'C:\Users\Robert\Desktop\project1_turnin\TrainFiles\Debug\vc120.pdb' is missing debugging information for referencing module; linking object as if no debug info
     1>fltkd.lib(is_spacing.obj) : warning LNK4204: 'C:\Users\Robert\Desktop\project1_turnin\TrainFiles\Debug\vc120.pdb' is missing debugging information for referencing module; linking object as if no debug info
     1>fltkd.lib(numericsort.obj) : warning LNK4204: 'C:\Users\Robert\Desktop\project1_turnin\TrainFiles\Debug\vc120.pdb' is missing debugging information for referencing module; linking object as if no debug info
     1>fltkd.lib(scandir.obj) : warning LNK4204: 'C:\Users\Robert\Desktop\project1_turnin\TrainFiles\Debug\vc120.pdb' is missing debugging information for referencing module; linking object as if no debug info
     1>fltkd.lib(screen_xywh.obj) : warning LNK4204: 'C:\Users\Robert\Desktop\project1_turnin\TrainFiles\Debug\vc120.pdb' is missing debugging information for referencing module; linking object as if no debug info
     1>fltkd.lib(vsnprintf.obj) : warning LNK4204: 'C:\Users\Robert\Desktop\project1_turnin\TrainFiles\Debug\vc120.pdb' is missing debugging information for referencing module; linking object as if no debug info
         Train.vcxproj -> C:\Users\Robert\Desktop\project1_turnin\TrainFiles\Debug\Train.exe
     1>Done Building Project "C:\Users\Robert\Desktop\project1_turnin\TrainFiles\Train.vcxproj" (Build target(s)).

Build succeeded.

Time Elapsed 00:00:07.20
